<?xml version="1.0" encoding="UTF-8"?>
<!-- Generated by org.testng.reporters.JUnitXMLReporter -->
<testsuite ignored="0" hostname="LAPTOP-UOARS8I5" failures="0" tests="6" name="Surefire test" time="0.102" errors="0" timestamp="17 Feb 2023 11:34:36 GMT">
  <testcase classname="com.mav.AppiumTest" name="appiumcarloan" time="0.021"/>
  <testcase classname="com.mav.AppiumTest" name="appiumhomeloan" time="0.0"/>
  <testcase classname="com.mav.ProterctorTest" name="protractorcarloan" time="0.001"/>
  <testcase classname="com.mav.ProterctorTest" name="protractorhomeloan" time="0.001"/>
  <testcase classname="com.mav.SeleniumTest" name="seleniumcarloan" time="0.0"/>
  <testcase classname="com.mav.SeleniumTest" name="seleniumhomeloan" time="0.001"/>
</testsuite> <!-- Surefire test -->
