<?xml version="1.0" encoding="UTF-8"?>
<testng-results ignored="0" total="6" passed="6" failed="0" skipped="0">
  <reporter-output>
  </reporter-output>
  <suite started-at="2023-02-17T11:34:36Z" name="Surefire suite" finished-at="2023-02-17T11:34:36Z" duration-ms="102">
    <groups>
    </groups>
    <test started-at="2023-02-17T11:34:36Z" name="Surefire test" finished-at="2023-02-17T11:34:36Z" duration-ms="102">
      <class name="com.mav.SeleniumTest">
        <test-method signature="seleniumcarloan()[pri:0, instance:com.mav.SeleniumTest@5876a9af]" started-at="2023-02-17T11:34:36Z" name="seleniumcarloan" finished-at="2023-02-17T11:34:36Z" duration-ms="0" status="PASS">
          <reporter-output>
          </reporter-output>
        </test-method> <!-- seleniumcarloan -->
        <test-method signature="seleniumhomeloan()[pri:0, instance:com.mav.SeleniumTest@5876a9af]" started-at="2023-02-17T11:34:36Z" name="seleniumhomeloan" finished-at="2023-02-17T11:34:36Z" duration-ms="1" status="PASS">
          <reporter-output>
          </reporter-output>
        </test-method> <!-- seleniumhomeloan -->
      </class> <!-- com.mav.SeleniumTest -->
      <class name="com.mav.AppiumTest">
        <test-method signature="appiumcarloan()[pri:0, instance:com.mav.AppiumTest@1aa7ecca]" started-at="2023-02-17T11:34:36Z" name="appiumcarloan" finished-at="2023-02-17T11:34:36Z" duration-ms="21" status="PASS">
          <reporter-output>
          </reporter-output>
        </test-method> <!-- appiumcarloan -->
        <test-method signature="appiumhomeloan()[pri:0, instance:com.mav.AppiumTest@1aa7ecca]" started-at="2023-02-17T11:34:36Z" name="appiumhomeloan" finished-at="2023-02-17T11:34:36Z" duration-ms="0" status="PASS">
          <reporter-output>
          </reporter-output>
        </test-method> <!-- appiumhomeloan -->
      </class> <!-- com.mav.AppiumTest -->
      <class name="com.mav.ProterctorTest">
        <test-method signature="protractorcarloan()[pri:0, instance:com.mav.ProterctorTest@59309333]" started-at="2023-02-17T11:34:36Z" name="protractorcarloan" finished-at="2023-02-17T11:34:36Z" duration-ms="1" status="PASS">
          <reporter-output>
          </reporter-output>
        </test-method> <!-- protractorcarloan -->
        <test-method signature="protractorhomeloan()[pri:0, instance:com.mav.ProterctorTest@59309333]" started-at="2023-02-17T11:34:36Z" name="protractorhomeloan" finished-at="2023-02-17T11:34:36Z" duration-ms="1" status="PASS">
          <reporter-output>
          </reporter-output>
        </test-method> <!-- protractorhomeloan -->
      </class> <!-- com.mav.ProterctorTest -->
    </test> <!-- Surefire test -->
  </suite> <!-- Surefire suite -->
</testng-results>
