<?xml version="1.0" encoding="UTF-8"?>
<testsuite xmlns:xsi="http://www.w3.org/2001/XMLSchema-instance" xsi:noNamespaceSchemaLocation="https://maven.apache.org/surefire/maven-surefire-plugin/xsd/surefire-test-report.xsd" name="TestSuite" time="0.845" tests="6" errors="0" skipped="0" failures="0">
  <properties>
[...]
</properties>
  <testcase name="appiumcarloan" classname="com.mav.AppiumTest" time="0.042"/>
  <testcase name="appiumhomeloan" classname="com.mav.AppiumTest" time="0.001"/>
  <testcase name="protractorcarloan" classname="com.mav.ProterctorTest" time="0"/>
  <testcase name="protractorhomeloan" classname="com.mav.ProterctorTest" time="0"/>
  <testcase name="seleniumcarloan" classname="com.mav.SeleniumTest" time="0"/>
  <testcase name="seleniumhomeloan" classname="com.mav.SeleniumTest" time="0"/>
</testsuite>